\BOOKMARK [-1][]{part.1}{\376\377\173\054\116\000\220\350\122\006\000\040\000F\000l\000i\000n\000k\166\204\117\177\165\050}{}% 1
\BOOKMARK [0][]{chapter*.2}{\376\377\173\054\116\000\172\340\377\014\155\101\137\017\131\004\164\006\164\006\213\272\151\202\217\360}{part.1}% 2
\BOOKMARK [0][]{chapter*.3}{\376\377\173\054\116\214\172\340\377\014\000F\000l\000i\000n\000k\150\106\147\266\137\353\220\037\116\012\142\113}{part.1}% 3
\BOOKMARK [0][]{chapter*.4}{\376\377\173\054\116\011\172\340\377\014\000F\000l\000i\000n\000k\000\040\000D\000a\000t\000a\000S\000t\000r\000e\000a\000m\000\040\000A\000P\000I}{part.1}% 4
\BOOKMARK [0][]{chapter*.5}{\376\377\173\054\126\333\172\340\377\014\127\372\116\216\145\366\225\364\124\214\172\227\123\343\166\204\173\227\133\120}{part.1}% 5
\BOOKMARK [0][]{chapter*.6}{\376\377\173\054\116\224\172\340\377\014\000F\000l\000i\000n\000k\162\266\140\001\177\026\172\013}{part.1}% 6
\BOOKMARK [0][]{chapter*.7}{\376\377\173\054\121\155\172\340\377\014\000F\000l\000i\000n\000k\000\040\000D\000a\000t\000a\000S\000e\000t\000\040\000A\000P\000I}{part.1}% 7
\BOOKMARK [0][]{chapter*.8}{\376\377\173\054\116\003\172\340\377\014\000F\000l\000i\000n\000k\116\016\131\026\220\350\174\373\176\337\166\204\116\244\116\222}{part.1}% 8
\BOOKMARK [0][]{chapter*.9}{\376\377\173\054\121\153\172\340\377\014\000F\000l\000i\000n\000k\000\040\000T\000a\000b\000l\000e\000\040\000A\000P\000I\000\040\000\046\000\040\000S\000Q\000L}{part.1}% 9
\BOOKMARK [-1][]{part.2}{\376\377\173\054\116\214\220\350\122\006\000\040\000F\000l\000i\000n\000k\166\204\220\350\177\162\116\016\217\320\176\364}{}% 10
\BOOKMARK [0][]{chapter*.10}{\376\377\173\054\116\135\172\340\377\014\000F\000l\000i\000n\000k\136\224\165\050\166\204\166\321\143\247}{part.2}% 11
\BOOKMARK [0][]{chapter*.11}{\376\377\173\054\123\101\172\340\377\014\131\202\117\125\220\350\177\162\000F\000l\000i\000n\000k\226\306\177\244}{part.2}% 12
\BOOKMARK [0][]{chapter*.12}{\376\377\173\054\123\101\116\000\172\340\377\014\000F\000l\000i\000n\000k\226\306\177\244\166\204\232\330\123\357\165\050}{part.2}% 13
\BOOKMARK [-1][]{part.3}{\376\377\173\054\116\011\220\350\122\006\000\040\000F\000l\000i\000n\000k\121\205\150\070\116\016\117\030\123\026}{}% 14
\BOOKMARK [0][]{chapter*.13}{\376\377\173\054\123\101\116\214\172\340\377\014\000F\000l\000i\000n\000k\217\320\210\114\145\366\147\266\147\204}{part.3}% 15
\BOOKMARK [0][]{chapter*.14}{\376\377\173\054\123\101\116\011\172\340\377\014\000F\000l\000i\000n\000k\162\266\140\001\166\204\123\237\164\006}{part.3}% 16
\BOOKMARK [0][]{chapter*.15}{\376\377\173\054\123\101\126\333\172\340\377\014\000F\000l\000i\000n\000k\166\204\133\271\225\031\147\072\122\066}{part.3}% 17
\BOOKMARK [0][]{chapter*.16}{\376\377\173\054\123\101\116\224\172\340\377\014\000F\000l\000i\000n\000k\117\134\116\032\166\204\214\003\136\246}{part.3}% 18
\BOOKMARK [0][]{chapter*.17}{\376\377\173\054\123\101\121\155\172\340\377\014\000F\000l\000i\000n\000k\121\205\133\130\173\241\164\006\166\204\162\171\160\271}{part.3}% 19
\BOOKMARK [0][]{chapter*.18}{\376\377\173\054\123\101\116\003\172\340\377\014\000F\000l\000i\000n\000k\166\204\177\121\176\334\000I\000O\147\072\122\066}{part.3}% 20
\BOOKMARK [0][]{chapter*.19}{\376\377\173\054\123\101\121\153\172\340\377\014\000F\000l\000i\000n\000k\136\070\211\301\117\030\123\026\143\252\145\275}{part.3}% 21
\BOOKMARK [-1][]{part.4}{\376\377\173\054\126\333\220\350\122\006\000\040\000F\000l\000i\000n\000k\133\236\145\366\145\160\116\323\230\171\166\356}{}% 22
